0 info it worked if it ends with ok
1 verbose cli [ '/usr/bin/node', '/usr/bin/npm', 'install', 'bootstrap' ]
2 info using npm@3.5.2
3 info using node@v8.10.0
4 silly loadCurrentTree Starting
5 silly install loadCurrentTree
6 silly install readLocalPackageData
7 silly fetchPackageMetaData bootstrap
8 silly fetchNamedPackageData bootstrap
9 silly mapToRegistry name bootstrap
10 silly mapToRegistry using default registry
11 silly mapToRegistry registry https://registry.npmjs.org/
12 silly mapToRegistry uri https://registry.npmjs.org/bootstrap
13 verbose request uri https://registry.npmjs.org/bootstrap
14 verbose request no auth needed
15 info attempt registry request try #1 at 1:29:45 AM
16 verbose request id 5cb40c8a06d73f64
17 http request GET https://registry.npmjs.org/bootstrap
18 info retry will retry, error on last attempt: Error: socket hang up
19 info attempt registry request try #2 at 1:29:55 AM
20 http request GET https://registry.npmjs.org/bootstrap
21 info retry will retry, error on last attempt: Error: socket hang up
22 info attempt registry request try #3 at 1:30:55 AM
23 http request GET https://registry.npmjs.org/bootstrap
24 silly fetchPackageMetaData Error: socket hang up
24 silly fetchPackageMetaData     at TLSSocket.onHangUp (_tls_wrap.js:1137:19)
24 silly fetchPackageMetaData     at Object.onceWrapper (events.js:313:30)
24 silly fetchPackageMetaData     at emitNone (events.js:111:20)
24 silly fetchPackageMetaData     at TLSSocket.emit (events.js:208:7)
24 silly fetchPackageMetaData     at endReadableNT (_stream_readable.js:1064:12)
24 silly fetchPackageMetaData     at _combinedTickCallback (internal/process/next_tick.js:138:11)
24 silly fetchPackageMetaData     at process._tickCallback (internal/process/next_tick.js:180:9)
24 silly fetchPackageMetaData  error for bootstrap { Error: socket hang up
24 silly fetchPackageMetaData     at TLSSocket.onHangUp (_tls_wrap.js:1137:19)
24 silly fetchPackageMetaData     at Object.onceWrapper (events.js:313:30)
24 silly fetchPackageMetaData     at emitNone (events.js:111:20)
24 silly fetchPackageMetaData     at TLSSocket.emit (events.js:208:7)
24 silly fetchPackageMetaData     at endReadableNT (_stream_readable.js:1064:12)
24 silly fetchPackageMetaData     at _combinedTickCallback (internal/process/next_tick.js:138:11)
24 silly fetchPackageMetaData     at process._tickCallback (internal/process/next_tick.js:180:9)
24 silly fetchPackageMetaData   code: 'ECONNRESET',
24 silly fetchPackageMetaData   path: null,
24 silly fetchPackageMetaData   host: 'registry.npmjs.org',
24 silly fetchPackageMetaData   port: 443,
24 silly fetchPackageMetaData   localAddress: undefined }
25 silly rollbackFailedOptional Starting
26 silly rollbackFailedOptional Finishing
27 silly runTopLevelLifecycles Starting
28 silly runTopLevelLifecycles Finishing
29 silly install printInstalled
30 verbose stack Error: socket hang up
30 verbose stack     at TLSSocket.onHangUp (_tls_wrap.js:1137:19)
30 verbose stack     at Object.onceWrapper (events.js:313:30)
30 verbose stack     at emitNone (events.js:111:20)
30 verbose stack     at TLSSocket.emit (events.js:208:7)
30 verbose stack     at endReadableNT (_stream_readable.js:1064:12)
30 verbose stack     at _combinedTickCallback (internal/process/next_tick.js:138:11)
30 verbose stack     at process._tickCallback (internal/process/next_tick.js:180:9)
31 verbose cwd /mnt/c/Users/Ingen/source/repos/Websites-projects/resources
32 error Linux 4.4.0-18362-Microsoft
33 error argv "/usr/bin/node" "/usr/bin/npm" "install" "bootstrap"
34 error node v8.10.0
35 error npm  v3.5.2
36 error code ECONNRESET
37 error network socket hang up
38 error network This is most likely not a problem with npm itself
38 error network and is related to network connectivity.
38 error network In most cases you are behind a proxy or have bad network settings.
38 error network
38 error network If you are behind a proxy, please make sure that the
38 error network 'proxy' config is set properly.  See: 'npm help config'
39 verbose exit [ 1, true ]
